[debug] [2025-11-11T17:20:58.682Z] ----------------------------------------------------------------------
[debug] [2025-11-11T17:20:58.684Z] Command:       /nix/store/ws50yvm6vzlzf7jzz6n7xh4szddrack1-nodejs-20.19.1/bin/node /home/user/.global_modules/bin/firebase init hosting
[debug] [2025-11-11T17:20:58.685Z] CLI Version:   14.24.2
[debug] [2025-11-11T17:20:58.685Z] Platform:      linux
[debug] [2025-11-11T17:20:58.685Z] Node Version:  v20.19.1
[debug] [2025-11-11T17:20:58.685Z] Time:          Tue Nov 11 2025 17:20:58 GMT+0000 (Coordinated Universal Time)
[debug] [2025-11-11T17:20:58.685Z] ----------------------------------------------------------------------
[debug] 
[debug] [2025-11-11T17:20:58.690Z] No OAuth tokens found
[debug] [2025-11-11T17:20:58.690Z] No OAuth tokens found
[error] Failed to fetch Firebase Project from current Studio Workspace: Unable to refresh auth: not yet authenticated.
[info] 
     ######## #### ########  ######## ########     ###     ######  ########
     ##        ##  ##     ## ##       ##     ##  ##   ##  ##       ##
     ######    ##  ########  ######   ########  #########  ######  ######
     ##        ##  ##    ##  ##       ##     ## ##     ##       ## ##
     ##       #### ##     ## ######## ########  ##     ##  ######  ########

You're about to initialize a Firebase project in this directory:

  /home/user/studio

[info] 
=== Project Setup
[info] 
[info] First, let's associate this project directory with a Firebase project.
[info] You can create multiple project aliases by running firebase use --add, 
[info] 
[info] i  If you want to create a project in a Google Cloud organization or folder, please use "firebase projects:create" instead, and return to this command when you've created the project. 
[debug] [2025-11-11T17:21:03.977Z] > command requires scopes: ["email","openid","https://www.googleapis.com/auth/cloudplatformprojects.readonly","https://www.googleapis.com/auth/firebase","https://www.googleapis.com/auth/cloud-platform","https://www.googleapis.com/auth/userinfo.email"]
[debug] [2025-11-11T17:21:26.029Z] Running auto auth
